2022-05-29 12:34:56,087:INFO:PyCaret Supervised Module
2022-05-29 12:34:56,088:INFO:ML Usecase: classification
2022-05-29 12:34:56,088:INFO:version 2.3.10
2022-05-29 12:34:56,089:INFO:Initializing setup()
2022-05-29 12:34:56,089:INFO:setup(target=target, ml_usecase=classification, available_plots={'parameter': 'Hyperparameters', 'auc': 'AUC', 'confusion_matrix': 'Confusion Matrix', 'threshold': 'Threshold', 'pr': 'Precision Recall', 'error': 'Prediction Error', 'class_report': 'Class Report', 'rfe': 'Feature Selection', 'learning': 'Learning Curve', 'manifold': 'Manifold Learning', 'calibration': 'Calibration Curve', 'vc': 'Validation Curve', 'dimension': 'Dimensions', 'feature': 'Feature Importance', 'feature_all': 'Feature Importance (All)', 'boundary': 'Decision Boundary', 'lift': 'Lift Chart', 'gain': 'Gain Chart', 'tree': 'Decision Tree', 'ks': 'KS Statistic Plot'}, train_size=0.7, test_data=None, preprocess=True, imputation_type=simple, iterative_imputation_iters=5, categorical_features=None, categorical_imputation=constant, categorical_iterative_imputer=lightgbm, ordinal_features=None, high_cardinality_features=None, high_cardinality_method=frequency, numeric_features=None, numeric_imputation=mean, numeric_iterative_imputer=lightgbm, date_features=None, ignore_features=None, normalize=False, normalize_method=zscore, transformation=False, transformation_method=yeo-johnson, handle_unknown_categorical=True, unknown_categorical_method=least_frequent, pca=False, pca_method=linear, pca_components=None, ignore_low_variance=False, combine_rare_levels=False, rare_level_threshold=0.1, bin_numeric_features=None, remove_outliers=False, outliers_threshold=0.05, remove_multicollinearity=False, multicollinearity_threshold=0.9, remove_perfect_collinearity=True, create_clusters=False, cluster_iter=20, polynomial_features=False, polynomial_degree=2, trigonometry_features=False, polynomial_threshold=0.1, group_features=None, group_names=None, feature_selection=False, feature_selection_threshold=0.8, feature_selection_method=classic, feature_interaction=False, feature_ratio=False, interaction_threshold=0.01, fix_imbalance=False, fix_imbalance_method=None, transform_target=False, transform_target_method=box-cox, data_split_shuffle=True, data_split_stratify=False, fold_strategy=stratifiedkfold, fold=10, fold_shuffle=False, fold_groups=None, n_jobs=-1, use_gpu=False, custom_pipeline=None, html=True, session_id=None, log_experiment=False, experiment_name=None, experiment_custom_tags=None, log_plots=False, log_profile=False, log_data=False, silent=False, verbose=True, profile=False, profile_kwargs=None, display=None)
2022-05-29 12:34:56,091:INFO:Checking environment
2022-05-29 12:34:56,091:INFO:python_version: 3.8.13
2022-05-29 12:34:56,091:INFO:python_build: ('default', 'Mar 25 2022 05:59:00')
2022-05-29 12:34:56,092:INFO:machine: AMD64
2022-05-29 12:34:56,092:INFO:platform: Windows-10-10.0.19044-SP0
2022-05-29 12:34:56,093:INFO:Memory: svmem(total=8424665088, available=1815621632, percent=78.4, used=6609043456, free=1815621632)
2022-05-29 12:34:56,093:INFO:Physical Core: 2
2022-05-29 12:34:56,093:INFO:Logical Core: 4
2022-05-29 12:34:56,093:INFO:Checking libraries
2022-05-29 12:34:56,093:INFO:pd==1.4.2
2022-05-29 12:34:56,094:INFO:numpy==1.19.5
2022-05-29 12:34:56,094:INFO:sklearn==0.23.2
2022-05-29 12:34:56,094:INFO:lightgbm==3.3.2
2022-05-29 12:34:56,097:WARNING:catboost not found
2022-05-29 12:34:56,099:WARNING:xgboost not found
2022-05-29 12:34:56,099:INFO:mlflow==1.26.1
2022-05-29 12:34:56,099:INFO:Checking Exceptions
2022-05-29 12:34:56,100:INFO:Declaring global variables
2022-05-29 12:34:56,100:INFO:USI: f656
2022-05-29 12:34:56,100:INFO:pycaret_globals: {'fold_shuffle_param', 'seed', 'target_param', 'gpu_param', 'log_plots_param', '_all_metrics', 'transform_target_method_param', 'exp_name_log', 'imputation_regressor', 'fold_generator', '_all_models', 'experiment__', '_all_models_internal', 'fold_param', 'y', '_gpu_n_jobs_param', 'fold_groups_param_full', 'imputation_classifier', 'pycaret_globals', 'fold_groups_param', 'y_train', 'prep_pipe', '_available_plots', 'fix_imbalance_method_param', 'transform_target_param', 'html_param', 'X_test', 'create_model_container', 'dashboard_logger', 'X', 'master_model_container', 'display_container', 'logging_param', 'USI', 'X_train', 'y_test', 'iterative_imputation_iters_param', 'data_before_preprocess', 'fix_imbalance_param', 'n_jobs_param', '_internal_pipeline', 'stratify_param', '_ml_usecase'}
2022-05-29 12:34:56,100:INFO:Preparing display monitor
2022-05-29 12:34:56,101:INFO:Preparing display monitor
2022-05-29 12:34:56,137:INFO:Importing libraries
2022-05-29 12:34:56,138:INFO:Copying data for preprocessing
2022-05-29 12:34:56,158:INFO:Declaring preprocessing parameters
2022-05-29 12:34:56,160:INFO:Creating preprocessing pipeline
2022-05-29 12:34:56,179:INFO:Preprocessing pipeline created successfully
2022-05-29 12:34:56,180:ERROR:(Process Exit): setup has been interupted with user command 'quit'. setup must rerun.
2022-05-29 12:34:56,180:INFO:Creating global containers
2022-05-29 12:34:56,184:INFO:Internal pipeline: Pipeline(memory=None, steps=[('empty_step', 'passthrough')], verbose=False)
2022-05-29 12:34:59,315:WARNING:Couldn't import xgboost.XGBClassifier
2022-05-29 12:34:59,316:WARNING:Couldn't import catboost.CatBoostClassifier
2022-05-29 12:34:59,476:WARNING:Couldn't import xgboost.XGBClassifier
2022-05-29 12:34:59,478:WARNING:Couldn't import catboost.CatBoostClassifier
2022-05-29 12:34:59,479:INFO:Creating grid variables
2022-05-29 12:34:59,511:INFO:create_model_container: 0
2022-05-29 12:34:59,511:INFO:master_model_container: 0
2022-05-29 12:34:59,512:INFO:display_container: 1
2022-05-29 12:34:59,524:INFO:Pipeline(memory=None,
         steps=[('dtypes',
                 DataTypes_Auto_infer(categorical_features=[],
                                      display_types=True, features_todrop=[],
                                      id_columns=['Unnamed: 0'],
                                      ml_usecase='classification',
                                      numerical_features=[], target='target',
                                      time_features=[])),
                ('imputer',
                 Simple_Imputer(categorical_strategy='not_available',
                                fill_value_categorical=None,
                                fill_value_numerical=None,
                                nu...
                ('scaling', 'passthrough'), ('P_transform', 'passthrough'),
                ('binn', 'passthrough'), ('rem_outliers', 'passthrough'),
                ('cluster_all', 'passthrough'),
                ('dummy', Dummify(target='target')),
                ('fix_perfect', Remove_100(target='target')),
                ('clean_names', Clean_Colum_Names()),
                ('feature_select', 'passthrough'), ('fix_multi', 'passthrough'),
                ('dfs', 'passthrough'), ('pca', 'passthrough')],
         verbose=False)
2022-05-29 12:34:59,525:INFO:setup() succesfully completed......................................
2022-05-29 12:34:59,799:INFO:Initializing compare_models()
2022-05-29 12:34:59,800:INFO:compare_models(include=None, fold=None, round=4, cross_validation=True, sort=Accuracy, n_select=1, budget_time=None, turbo=True, errors=ignore, fit_kwargs=None, groups=None, experiment_custom_tags=None, probability_threshold=None, verbose=True, display=None, exclude=None)
2022-05-29 12:34:59,800:INFO:Checking exceptions
2022-05-29 12:34:59,801:INFO:Preparing display monitor
2022-05-29 12:34:59,802:INFO:Preparing display monitor
2022-05-29 12:34:59,865:INFO:Initializing Logistic Regression
2022-05-29 12:34:59,865:INFO:Total runtime is 0.0 minutes
2022-05-29 12:34:59,897:INFO:SubProcess create_model() called ==================================
2022-05-29 12:34:59,898:INFO:Initializing create_model()
2022-05-29 12:34:59,898:INFO:create_model(estimator=lr, fold=StratifiedKFold(n_splits=10, random_state=None, shuffle=False), round=4, cross_validation=True, predict=True, fit_kwargs={}, groups=None, refit=False, verbose=False, system=False, metrics=None, experiment_custom_tags=None, add_to_model_list=True, probability_threshold=None, display=<pycaret.internal.Display.Display object at 0x000001594B3036A0>, return_train_score=False, kwargs={})
2022-05-29 12:34:59,899:INFO:Checking exceptions
2022-05-29 12:34:59,899:INFO:Importing libraries
2022-05-29 12:34:59,899:INFO:Copying training dataset
2022-05-29 12:34:59,901:INFO:Defining folds
2022-05-29 12:34:59,901:INFO:Declaring metric variables
2022-05-29 12:34:59,921:INFO:Importing untrained model
2022-05-29 12:34:59,941:INFO:Logistic Regression Imported succesfully
2022-05-29 12:34:59,990:INFO:Starting cross validation
2022-05-29 12:34:59,991:INFO:Cross validating with StratifiedKFold(n_splits=10, random_state=None, shuffle=False), n_jobs=-1
2022-05-29 12:35:11,945:INFO:Calculating mean and std
2022-05-29 12:35:11,948:INFO:Creating metrics dataframe
2022-05-29 12:35:12,017:INFO:Uploading results into container
2022-05-29 12:35:12,018:INFO:Uploading model into container now
2022-05-29 12:35:12,018:INFO:create_model_container: 1
2022-05-29 12:35:12,018:INFO:master_model_container: 1
2022-05-29 12:35:12,019:INFO:display_container: 2
2022-05-29 12:35:12,020:INFO:LogisticRegression(C=1.0, class_weight=None, dual=False, fit_intercept=True,
                   intercept_scaling=1, l1_ratio=None, max_iter=1000,
                   multi_class='auto', n_jobs=None, penalty='l2',
                   random_state=7717, solver='lbfgs', tol=0.0001, verbose=0,
                   warm_start=False)
2022-05-29 12:35:12,020:INFO:create_model() succesfully completed......................................
2022-05-29 12:35:12,233:INFO:SubProcess create_model() end ==================================
2022-05-29 12:35:12,233:INFO:Creating metrics dataframe
2022-05-29 12:35:12,269:INFO:Initializing K Neighbors Classifier
2022-05-29 12:35:12,269:INFO:Total runtime is 0.2067404786745707 minutes
2022-05-29 12:35:12,283:INFO:SubProcess create_model() called ==================================
2022-05-29 12:35:12,283:INFO:Initializing create_model()
2022-05-29 12:35:12,284:INFO:create_model(estimator=knn, fold=StratifiedKFold(n_splits=10, random_state=None, shuffle=False), round=4, cross_validation=True, predict=True, fit_kwargs={}, groups=None, refit=False, verbose=False, system=False, metrics=None, experiment_custom_tags=None, add_to_model_list=True, probability_threshold=None, display=<pycaret.internal.Display.Display object at 0x000001594B3036A0>, return_train_score=False, kwargs={})
2022-05-29 12:35:12,284:INFO:Checking exceptions
2022-05-29 12:35:12,284:INFO:Importing libraries
2022-05-29 12:35:12,285:INFO:Copying training dataset
2022-05-29 12:35:12,286:INFO:Defining folds
2022-05-29 12:35:12,286:INFO:Declaring metric variables
2022-05-29 12:35:12,304:INFO:Importing untrained model
2022-05-29 12:35:12,321:INFO:K Neighbors Classifier Imported succesfully
2022-05-29 12:35:12,356:INFO:Starting cross validation
2022-05-29 12:35:12,357:INFO:Cross validating with StratifiedKFold(n_splits=10, random_state=None, shuffle=False), n_jobs=-1
2022-05-29 12:35:12,680:INFO:Calculating mean and std
2022-05-29 12:35:12,683:INFO:Creating metrics dataframe
2022-05-29 12:35:12,734:INFO:Uploading results into container
2022-05-29 12:35:12,734:INFO:Uploading model into container now
2022-05-29 12:35:12,734:INFO:create_model_container: 2
2022-05-29 12:35:12,735:INFO:master_model_container: 2
2022-05-29 12:35:12,735:INFO:display_container: 2
2022-05-29 12:35:12,735:INFO:KNeighborsClassifier(algorithm='auto', leaf_size=30, metric='minkowski',
                     metric_params=None, n_jobs=-1, n_neighbors=5, p=2,
                     weights='uniform')
2022-05-29 12:35:12,735:INFO:create_model() succesfully completed......................................
2022-05-29 12:35:12,958:INFO:SubProcess create_model() end ==================================
2022-05-29 12:35:12,958:INFO:Creating metrics dataframe
2022-05-29 12:35:13,009:INFO:Initializing Naive Bayes
2022-05-29 12:35:13,009:INFO:Total runtime is 0.21907416184743245 minutes
2022-05-29 12:35:13,029:INFO:SubProcess create_model() called ==================================
2022-05-29 12:35:13,030:INFO:Initializing create_model()
2022-05-29 12:35:13,031:INFO:create_model(estimator=nb, fold=StratifiedKFold(n_splits=10, random_state=None, shuffle=False), round=4, cross_validation=True, predict=True, fit_kwargs={}, groups=None, refit=False, verbose=False, system=False, metrics=None, experiment_custom_tags=None, add_to_model_list=True, probability_threshold=None, display=<pycaret.internal.Display.Display object at 0x000001594B3036A0>, return_train_score=False, kwargs={})
2022-05-29 12:35:13,031:INFO:Checking exceptions
2022-05-29 12:35:13,031:INFO:Importing libraries
2022-05-29 12:35:13,031:INFO:Copying training dataset
2022-05-29 12:35:13,033:INFO:Defining folds
2022-05-29 12:35:13,033:INFO:Declaring metric variables
2022-05-29 12:35:13,054:INFO:Importing untrained model
2022-05-29 12:35:13,074:INFO:Naive Bayes Imported succesfully
2022-05-29 12:35:13,120:INFO:Starting cross validation
2022-05-29 12:35:13,122:INFO:Cross validating with StratifiedKFold(n_splits=10, random_state=None, shuffle=False), n_jobs=-1
2022-05-29 12:35:13,238:INFO:Calculating mean and std
2022-05-29 12:35:13,239:INFO:Creating metrics dataframe
2022-05-29 12:35:13,275:INFO:Uploading results into container
2022-05-29 12:35:13,275:INFO:Uploading model into container now
2022-05-29 12:35:13,276:INFO:create_model_container: 3
2022-05-29 12:35:13,276:INFO:master_model_container: 3
2022-05-29 12:35:13,276:INFO:display_container: 2
2022-05-29 12:35:13,276:INFO:GaussianNB(priors=None, var_smoothing=1e-09)
2022-05-29 12:35:13,277:INFO:create_model() succesfully completed......................................
2022-05-29 12:35:13,452:INFO:SubProcess create_model() end ==================================
2022-05-29 12:35:13,453:INFO:Creating metrics dataframe
2022-05-29 12:35:13,490:INFO:Initializing Decision Tree Classifier
2022-05-29 12:35:13,490:INFO:Total runtime is 0.2270863652229309 minutes
2022-05-29 12:35:13,508:INFO:SubProcess create_model() called ==================================
2022-05-29 12:35:13,509:INFO:Initializing create_model()
2022-05-29 12:35:13,509:INFO:create_model(estimator=dt, fold=StratifiedKFold(n_splits=10, random_state=None, shuffle=False), round=4, cross_validation=True, predict=True, fit_kwargs={}, groups=None, refit=False, verbose=False, system=False, metrics=None, experiment_custom_tags=None, add_to_model_list=True, probability_threshold=None, display=<pycaret.internal.Display.Display object at 0x000001594B3036A0>, return_train_score=False, kwargs={})
2022-05-29 12:35:13,509:INFO:Checking exceptions
2022-05-29 12:35:13,510:INFO:Importing libraries
2022-05-29 12:35:13,510:INFO:Copying training dataset
2022-05-29 12:35:13,512:INFO:Defining folds
2022-05-29 12:35:13,513:INFO:Declaring metric variables
2022-05-29 12:35:13,526:INFO:Importing untrained model
2022-05-29 12:35:13,543:INFO:Decision Tree Classifier Imported succesfully
2022-05-29 12:35:13,580:INFO:Starting cross validation
2022-05-29 12:35:13,584:INFO:Cross validating with StratifiedKFold(n_splits=10, random_state=None, shuffle=False), n_jobs=-1
2022-05-29 12:35:13,731:INFO:Calculating mean and std
2022-05-29 12:35:13,734:INFO:Creating metrics dataframe
2022-05-29 12:35:13,786:INFO:Uploading results into container
2022-05-29 12:35:13,786:INFO:Uploading model into container now
2022-05-29 12:35:13,786:INFO:create_model_container: 4
2022-05-29 12:35:13,787:INFO:master_model_container: 4
2022-05-29 12:35:13,787:INFO:display_container: 2
2022-05-29 12:35:13,787:INFO:DecisionTreeClassifier(ccp_alpha=0.0, class_weight=None, criterion='gini',
                       max_depth=None, max_features=None, max_leaf_nodes=None,
                       min_impurity_decrease=0.0, min_impurity_split=None,
                       min_samples_leaf=1, min_samples_split=2,
                       min_weight_fraction_leaf=0.0, presort='deprecated',
                       random_state=7717, splitter='best')
2022-05-29 12:35:13,788:INFO:create_model() succesfully completed......................................
2022-05-29 12:35:13,967:INFO:SubProcess create_model() end ==================================
2022-05-29 12:35:13,967:INFO:Creating metrics dataframe
2022-05-29 12:35:14,006:INFO:Initializing SVM - Linear Kernel
2022-05-29 12:35:14,006:INFO:Total runtime is 0.2356964071591695 minutes
2022-05-29 12:35:14,022:INFO:SubProcess create_model() called ==================================
2022-05-29 12:35:14,022:INFO:Initializing create_model()
2022-05-29 12:35:14,023:INFO:create_model(estimator=svm, fold=StratifiedKFold(n_splits=10, random_state=None, shuffle=False), round=4, cross_validation=True, predict=True, fit_kwargs={}, groups=None, refit=False, verbose=False, system=False, metrics=None, experiment_custom_tags=None, add_to_model_list=True, probability_threshold=None, display=<pycaret.internal.Display.Display object at 0x000001594B3036A0>, return_train_score=False, kwargs={})
2022-05-29 12:35:14,024:INFO:Checking exceptions
2022-05-29 12:35:14,024:INFO:Importing libraries
2022-05-29 12:35:14,024:INFO:Copying training dataset
2022-05-29 12:35:14,025:INFO:Defining folds
2022-05-29 12:35:14,026:INFO:Declaring metric variables
2022-05-29 12:35:14,046:INFO:Importing untrained model
2022-05-29 12:35:14,067:INFO:SVM - Linear Kernel Imported succesfully
2022-05-29 12:35:14,104:INFO:Starting cross validation
2022-05-29 12:35:14,106:INFO:Cross validating with StratifiedKFold(n_splits=10, random_state=None, shuffle=False), n_jobs=-1
2022-05-29 12:35:14,417:INFO:Calculating mean and std
2022-05-29 12:35:14,419:INFO:Creating metrics dataframe
2022-05-29 12:35:14,456:INFO:Uploading results into container
2022-05-29 12:35:14,457:INFO:Uploading model into container now
2022-05-29 12:35:14,457:INFO:create_model_container: 5
2022-05-29 12:35:14,457:INFO:master_model_container: 5
2022-05-29 12:35:14,457:INFO:display_container: 2
2022-05-29 12:35:14,458:INFO:SGDClassifier(alpha=0.0001, average=False, class_weight=None,
              early_stopping=False, epsilon=0.1, eta0=0.001, fit_intercept=True,
              l1_ratio=0.15, learning_rate='optimal', loss='hinge',
              max_iter=1000, n_iter_no_change=5, n_jobs=-1, penalty='l2',
              power_t=0.5, random_state=7717, shuffle=True, tol=0.001,
              validation_fraction=0.1, verbose=0, warm_start=False)
2022-05-29 12:35:14,458:INFO:create_model() succesfully completed......................................
2022-05-29 12:35:14,636:INFO:SubProcess create_model() end ==================================
2022-05-29 12:35:14,636:INFO:Creating metrics dataframe
2022-05-29 12:35:14,678:INFO:Initializing Ridge Classifier
2022-05-29 12:35:14,678:INFO:Total runtime is 0.246887735525767 minutes
2022-05-29 12:35:14,691:INFO:SubProcess create_model() called ==================================
2022-05-29 12:35:14,692:INFO:Initializing create_model()
2022-05-29 12:35:14,693:INFO:create_model(estimator=ridge, fold=StratifiedKFold(n_splits=10, random_state=None, shuffle=False), round=4, cross_validation=True, predict=True, fit_kwargs={}, groups=None, refit=False, verbose=False, system=False, metrics=None, experiment_custom_tags=None, add_to_model_list=True, probability_threshold=None, display=<pycaret.internal.Display.Display object at 0x000001594B3036A0>, return_train_score=False, kwargs={})
2022-05-29 12:35:14,693:INFO:Checking exceptions
2022-05-29 12:35:14,693:INFO:Importing libraries
2022-05-29 12:35:14,693:INFO:Copying training dataset
2022-05-29 12:35:14,696:INFO:Defining folds
2022-05-29 12:35:14,696:INFO:Declaring metric variables
2022-05-29 12:35:14,713:INFO:Importing untrained model
2022-05-29 12:35:14,728:INFO:Ridge Classifier Imported succesfully
2022-05-29 12:35:14,762:INFO:Starting cross validation
2022-05-29 12:35:14,764:INFO:Cross validating with StratifiedKFold(n_splits=10, random_state=None, shuffle=False), n_jobs=-1
2022-05-29 12:35:14,867:INFO:Calculating mean and std
2022-05-29 12:35:14,869:INFO:Creating metrics dataframe
2022-05-29 12:35:14,904:INFO:Uploading results into container
2022-05-29 12:35:14,904:INFO:Uploading model into container now
2022-05-29 12:35:14,904:INFO:create_model_container: 6
2022-05-29 12:35:14,905:INFO:master_model_container: 6
2022-05-29 12:35:14,905:INFO:display_container: 2
2022-05-29 12:35:14,906:INFO:RidgeClassifier(alpha=1.0, class_weight=None, copy_X=True, fit_intercept=True,
                max_iter=None, normalize=False, random_state=7717,
                solver='auto', tol=0.001)
2022-05-29 12:35:14,906:INFO:create_model() succesfully completed......................................
2022-05-29 12:35:15,083:INFO:SubProcess create_model() end ==================================
2022-05-29 12:35:15,083:INFO:Creating metrics dataframe
2022-05-29 12:35:15,125:INFO:Initializing Random Forest Classifier
2022-05-29 12:35:15,126:INFO:Total runtime is 0.2543586572011312 minutes
2022-05-29 12:35:15,139:INFO:SubProcess create_model() called ==================================
2022-05-29 12:35:15,140:INFO:Initializing create_model()
2022-05-29 12:35:15,140:INFO:create_model(estimator=rf, fold=StratifiedKFold(n_splits=10, random_state=None, shuffle=False), round=4, cross_validation=True, predict=True, fit_kwargs={}, groups=None, refit=False, verbose=False, system=False, metrics=None, experiment_custom_tags=None, add_to_model_list=True, probability_threshold=None, display=<pycaret.internal.Display.Display object at 0x000001594B3036A0>, return_train_score=False, kwargs={})
2022-05-29 12:35:15,141:INFO:Checking exceptions
2022-05-29 12:35:15,141:INFO:Importing libraries
2022-05-29 12:35:15,141:INFO:Copying training dataset
2022-05-29 12:35:15,143:INFO:Defining folds
2022-05-29 12:35:15,144:INFO:Declaring metric variables
2022-05-29 12:35:15,160:INFO:Importing untrained model
2022-05-29 12:35:15,182:INFO:Random Forest Classifier Imported succesfully
2022-05-29 12:35:15,217:INFO:Starting cross validation
2022-05-29 12:35:15,218:INFO:Cross validating with StratifiedKFold(n_splits=10, random_state=None, shuffle=False), n_jobs=-1
2022-05-29 12:35:17,877:INFO:Calculating mean and std
2022-05-29 12:35:17,878:INFO:Creating metrics dataframe
2022-05-29 12:35:17,914:INFO:Uploading results into container
2022-05-29 12:35:17,914:INFO:Uploading model into container now
2022-05-29 12:35:17,914:INFO:create_model_container: 7
2022-05-29 12:35:17,915:INFO:master_model_container: 7
2022-05-29 12:35:17,915:INFO:display_container: 2
2022-05-29 12:35:17,916:INFO:RandomForestClassifier(bootstrap=True, ccp_alpha=0.0, class_weight=None,
                       criterion='gini', max_depth=None, max_features='auto',
                       max_leaf_nodes=None, max_samples=None,
                       min_impurity_decrease=0.0, min_impurity_split=None,
                       min_samples_leaf=1, min_samples_split=2,
                       min_weight_fraction_leaf=0.0, n_estimators=100,
                       n_jobs=-1, oob_score=False, random_state=7717, verbose=0,
                       warm_start=False)
2022-05-29 12:35:17,916:INFO:create_model() succesfully completed......................................
2022-05-29 12:35:18,090:INFO:SubProcess create_model() end ==================================
2022-05-29 12:35:18,091:INFO:Creating metrics dataframe
2022-05-29 12:35:18,136:INFO:Initializing Quadratic Discriminant Analysis
2022-05-29 12:35:18,137:INFO:Total runtime is 0.30453766584396363 minutes
2022-05-29 12:35:18,150:INFO:SubProcess create_model() called ==================================
2022-05-29 12:35:18,151:INFO:Initializing create_model()
2022-05-29 12:35:18,151:INFO:create_model(estimator=qda, fold=StratifiedKFold(n_splits=10, random_state=None, shuffle=False), round=4, cross_validation=True, predict=True, fit_kwargs={}, groups=None, refit=False, verbose=False, system=False, metrics=None, experiment_custom_tags=None, add_to_model_list=True, probability_threshold=None, display=<pycaret.internal.Display.Display object at 0x000001594B3036A0>, return_train_score=False, kwargs={})
2022-05-29 12:35:18,151:INFO:Checking exceptions
2022-05-29 12:35:18,152:INFO:Importing libraries
2022-05-29 12:35:18,152:INFO:Copying training dataset
2022-05-29 12:35:18,153:INFO:Defining folds
2022-05-29 12:35:18,154:INFO:Declaring metric variables
2022-05-29 12:35:18,171:INFO:Importing untrained model
2022-05-29 12:35:18,186:INFO:Quadratic Discriminant Analysis Imported succesfully
2022-05-29 12:35:18,223:INFO:Starting cross validation
2022-05-29 12:35:18,223:INFO:Cross validating with StratifiedKFold(n_splits=10, random_state=None, shuffle=False), n_jobs=-1
2022-05-29 12:35:18,374:INFO:Calculating mean and std
2022-05-29 12:35:18,376:INFO:Creating metrics dataframe
2022-05-29 12:35:18,412:INFO:Uploading results into container
2022-05-29 12:35:18,412:INFO:Uploading model into container now
2022-05-29 12:35:18,412:INFO:create_model_container: 8
2022-05-29 12:35:18,412:INFO:master_model_container: 8
2022-05-29 12:35:18,412:INFO:display_container: 2
2022-05-29 12:35:18,413:INFO:QuadraticDiscriminantAnalysis(priors=None, reg_param=0.0,
                              store_covariance=False, tol=0.0001)
2022-05-29 12:35:18,413:INFO:create_model() succesfully completed......................................
2022-05-29 12:35:18,590:INFO:SubProcess create_model() end ==================================
2022-05-29 12:35:18,590:INFO:Creating metrics dataframe
2022-05-29 12:35:18,630:INFO:Initializing Ada Boost Classifier
2022-05-29 12:35:18,630:INFO:Total runtime is 0.3127490441004435 minutes
2022-05-29 12:35:18,644:INFO:SubProcess create_model() called ==================================
2022-05-29 12:35:18,644:INFO:Initializing create_model()
2022-05-29 12:35:18,645:INFO:create_model(estimator=ada, fold=StratifiedKFold(n_splits=10, random_state=None, shuffle=False), round=4, cross_validation=True, predict=True, fit_kwargs={}, groups=None, refit=False, verbose=False, system=False, metrics=None, experiment_custom_tags=None, add_to_model_list=True, probability_threshold=None, display=<pycaret.internal.Display.Display object at 0x000001594B3036A0>, return_train_score=False, kwargs={})
2022-05-29 12:35:18,645:INFO:Checking exceptions
2022-05-29 12:35:18,645:INFO:Importing libraries
2022-05-29 12:35:18,645:INFO:Copying training dataset
2022-05-29 12:35:18,647:INFO:Defining folds
2022-05-29 12:35:18,648:INFO:Declaring metric variables
2022-05-29 12:35:18,661:INFO:Importing untrained model
2022-05-29 12:35:18,679:INFO:Ada Boost Classifier Imported succesfully
2022-05-29 12:35:18,714:INFO:Starting cross validation
2022-05-29 12:35:18,716:INFO:Cross validating with StratifiedKFold(n_splits=10, random_state=None, shuffle=False), n_jobs=-1
2022-05-29 12:35:19,692:INFO:Calculating mean and std
2022-05-29 12:35:19,693:INFO:Creating metrics dataframe
2022-05-29 12:35:19,728:INFO:Uploading results into container
2022-05-29 12:35:19,728:INFO:Uploading model into container now
2022-05-29 12:35:19,729:INFO:create_model_container: 9
2022-05-29 12:35:19,729:INFO:master_model_container: 9
2022-05-29 12:35:19,729:INFO:display_container: 2
2022-05-29 12:35:19,730:INFO:AdaBoostClassifier(algorithm='SAMME.R', base_estimator=None, learning_rate=1.0,
                   n_estimators=50, random_state=7717)
2022-05-29 12:35:19,730:INFO:create_model() succesfully completed......................................
2022-05-29 12:35:19,906:INFO:SubProcess create_model() end ==================================
2022-05-29 12:35:19,906:INFO:Creating metrics dataframe
2022-05-29 12:35:19,948:INFO:Initializing Gradient Boosting Classifier
2022-05-29 12:35:19,948:INFO:Total runtime is 0.33472363551457723 minutes
2022-05-29 12:35:19,961:INFO:SubProcess create_model() called ==================================
2022-05-29 12:35:19,963:INFO:Initializing create_model()
2022-05-29 12:35:19,963:INFO:create_model(estimator=gbc, fold=StratifiedKFold(n_splits=10, random_state=None, shuffle=False), round=4, cross_validation=True, predict=True, fit_kwargs={}, groups=None, refit=False, verbose=False, system=False, metrics=None, experiment_custom_tags=None, add_to_model_list=True, probability_threshold=None, display=<pycaret.internal.Display.Display object at 0x000001594B3036A0>, return_train_score=False, kwargs={})
2022-05-29 12:35:19,963:INFO:Checking exceptions
2022-05-29 12:35:19,963:INFO:Importing libraries
2022-05-29 12:35:19,963:INFO:Copying training dataset
2022-05-29 12:35:19,965:INFO:Defining folds
2022-05-29 12:35:19,966:INFO:Declaring metric variables
2022-05-29 12:35:19,980:INFO:Importing untrained model
2022-05-29 12:35:19,999:INFO:Gradient Boosting Classifier Imported succesfully
2022-05-29 12:35:20,030:INFO:Starting cross validation
2022-05-29 12:35:20,032:INFO:Cross validating with StratifiedKFold(n_splits=10, random_state=None, shuffle=False), n_jobs=-1
2022-05-29 12:35:28,790:INFO:Calculating mean and std
2022-05-29 12:35:28,792:INFO:Creating metrics dataframe
2022-05-29 12:35:28,827:INFO:Uploading results into container
2022-05-29 12:35:28,827:INFO:Uploading model into container now
2022-05-29 12:35:28,827:INFO:create_model_container: 10
2022-05-29 12:35:28,828:INFO:master_model_container: 10
2022-05-29 12:35:28,828:INFO:display_container: 2
2022-05-29 12:35:28,829:INFO:GradientBoostingClassifier(ccp_alpha=0.0, criterion='friedman_mse', init=None,
                           learning_rate=0.1, loss='deviance', max_depth=3,
                           max_features=None, max_leaf_nodes=None,
                           min_impurity_decrease=0.0, min_impurity_split=None,
                           min_samples_leaf=1, min_samples_split=2,
                           min_weight_fraction_leaf=0.0, n_estimators=100,
                           n_iter_no_change=None, presort='deprecated',
                           random_state=7717, subsample=1.0, tol=0.0001,
                           validation_fraction=0.1, verbose=0,
                           warm_start=False)
2022-05-29 12:35:28,829:INFO:create_model() succesfully completed......................................
2022-05-29 12:35:29,004:INFO:SubProcess create_model() end ==================================
2022-05-29 12:35:29,005:INFO:Creating metrics dataframe
2022-05-29 12:35:29,048:INFO:Initializing Linear Discriminant Analysis
2022-05-29 12:35:29,048:INFO:Total runtime is 0.48638492822647095 minutes
2022-05-29 12:35:29,066:INFO:SubProcess create_model() called ==================================
2022-05-29 12:35:29,066:INFO:Initializing create_model()
2022-05-29 12:35:29,067:INFO:create_model(estimator=lda, fold=StratifiedKFold(n_splits=10, random_state=None, shuffle=False), round=4, cross_validation=True, predict=True, fit_kwargs={}, groups=None, refit=False, verbose=False, system=False, metrics=None, experiment_custom_tags=None, add_to_model_list=True, probability_threshold=None, display=<pycaret.internal.Display.Display object at 0x000001594B3036A0>, return_train_score=False, kwargs={})
2022-05-29 12:35:29,067:INFO:Checking exceptions
2022-05-29 12:35:29,068:INFO:Importing libraries
2022-05-29 12:35:29,069:INFO:Copying training dataset
2022-05-29 12:35:29,070:INFO:Defining folds
2022-05-29 12:35:29,070:INFO:Declaring metric variables
2022-05-29 12:35:29,084:INFO:Importing untrained model
2022-05-29 12:35:29,118:INFO:Linear Discriminant Analysis Imported succesfully
2022-05-29 12:35:29,160:INFO:Starting cross validation
2022-05-29 12:35:29,162:INFO:Cross validating with StratifiedKFold(n_splits=10, random_state=None, shuffle=False), n_jobs=-1
2022-05-29 12:35:29,303:INFO:Calculating mean and std
2022-05-29 12:35:29,305:INFO:Creating metrics dataframe
2022-05-29 12:35:29,338:INFO:Uploading results into container
2022-05-29 12:35:29,338:INFO:Uploading model into container now
2022-05-29 12:35:29,339:INFO:create_model_container: 11
2022-05-29 12:35:29,339:INFO:master_model_container: 11
2022-05-29 12:35:29,339:INFO:display_container: 2
2022-05-29 12:35:29,339:INFO:LinearDiscriminantAnalysis(n_components=None, priors=None, shrinkage=None,
                           solver='svd', store_covariance=False, tol=0.0001)
2022-05-29 12:35:29,339:INFO:create_model() succesfully completed......................................
2022-05-29 12:35:29,518:INFO:SubProcess create_model() end ==================================
2022-05-29 12:35:29,518:INFO:Creating metrics dataframe
2022-05-29 12:35:29,567:INFO:Initializing Extra Trees Classifier
2022-05-29 12:35:29,567:INFO:Total runtime is 0.49504512548446655 minutes
2022-05-29 12:35:29,582:INFO:SubProcess create_model() called ==================================
2022-05-29 12:35:29,583:INFO:Initializing create_model()
2022-05-29 12:35:29,584:INFO:create_model(estimator=et, fold=StratifiedKFold(n_splits=10, random_state=None, shuffle=False), round=4, cross_validation=True, predict=True, fit_kwargs={}, groups=None, refit=False, verbose=False, system=False, metrics=None, experiment_custom_tags=None, add_to_model_list=True, probability_threshold=None, display=<pycaret.internal.Display.Display object at 0x000001594B3036A0>, return_train_score=False, kwargs={})
2022-05-29 12:35:29,584:INFO:Checking exceptions
2022-05-29 12:35:29,584:INFO:Importing libraries
2022-05-29 12:35:29,584:INFO:Copying training dataset
2022-05-29 12:35:29,585:INFO:Defining folds
2022-05-29 12:35:29,586:INFO:Declaring metric variables
2022-05-29 12:35:29,605:INFO:Importing untrained model
2022-05-29 12:35:29,626:INFO:Extra Trees Classifier Imported succesfully
2022-05-29 12:35:29,675:INFO:Starting cross validation
2022-05-29 12:35:29,677:INFO:Cross validating with StratifiedKFold(n_splits=10, random_state=None, shuffle=False), n_jobs=-1
2022-05-29 12:35:31,806:INFO:Calculating mean and std
2022-05-29 12:35:31,808:INFO:Creating metrics dataframe
2022-05-29 12:35:31,841:INFO:Uploading results into container
2022-05-29 12:35:31,842:INFO:Uploading model into container now
2022-05-29 12:35:31,842:INFO:create_model_container: 12
2022-05-29 12:35:31,842:INFO:master_model_container: 12
2022-05-29 12:35:31,842:INFO:display_container: 2
2022-05-29 12:35:31,843:INFO:ExtraTreesClassifier(bootstrap=False, ccp_alpha=0.0, class_weight=None,
                     criterion='gini', max_depth=None, max_features='auto',
                     max_leaf_nodes=None, max_samples=None,
                     min_impurity_decrease=0.0, min_impurity_split=None,
                     min_samples_leaf=1, min_samples_split=2,
                     min_weight_fraction_leaf=0.0, n_estimators=100, n_jobs=-1,
                     oob_score=False, random_state=7717, verbose=0,
                     warm_start=False)
2022-05-29 12:35:31,843:INFO:create_model() succesfully completed......................................
2022-05-29 12:35:32,018:INFO:SubProcess create_model() end ==================================
2022-05-29 12:35:32,019:INFO:Creating metrics dataframe
2022-05-29 12:35:32,064:INFO:Initializing Light Gradient Boosting Machine
2022-05-29 12:35:32,064:INFO:Total runtime is 0.5366505781809489 minutes
2022-05-29 12:35:32,078:INFO:SubProcess create_model() called ==================================
2022-05-29 12:35:32,079:INFO:Initializing create_model()
2022-05-29 12:35:32,079:INFO:create_model(estimator=lightgbm, fold=StratifiedKFold(n_splits=10, random_state=None, shuffle=False), round=4, cross_validation=True, predict=True, fit_kwargs={}, groups=None, refit=False, verbose=False, system=False, metrics=None, experiment_custom_tags=None, add_to_model_list=True, probability_threshold=None, display=<pycaret.internal.Display.Display object at 0x000001594B3036A0>, return_train_score=False, kwargs={})
2022-05-29 12:35:32,079:INFO:Checking exceptions
2022-05-29 12:35:32,080:INFO:Importing libraries
2022-05-29 12:35:32,080:INFO:Copying training dataset
2022-05-29 12:35:32,081:INFO:Defining folds
2022-05-29 12:35:32,082:INFO:Declaring metric variables
2022-05-29 12:35:32,097:INFO:Importing untrained model
2022-05-29 12:35:32,114:INFO:Light Gradient Boosting Machine Imported succesfully
2022-05-29 12:35:32,148:INFO:Starting cross validation
2022-05-29 12:35:32,150:INFO:Cross validating with StratifiedKFold(n_splits=10, random_state=None, shuffle=False), n_jobs=-1
2022-05-29 12:35:35,188:INFO:Calculating mean and std
2022-05-29 12:35:35,190:INFO:Creating metrics dataframe
2022-05-29 12:35:35,226:INFO:Uploading results into container
2022-05-29 12:35:35,226:INFO:Uploading model into container now
2022-05-29 12:35:35,227:INFO:create_model_container: 13
2022-05-29 12:35:35,227:INFO:master_model_container: 13
2022-05-29 12:35:35,227:INFO:display_container: 2
2022-05-29 12:35:35,227:INFO:LGBMClassifier(boosting_type='gbdt', class_weight=None, colsample_bytree=1.0,
               importance_type='split', learning_rate=0.1, max_depth=-1,
               min_child_samples=20, min_child_weight=0.001, min_split_gain=0.0,
               n_estimators=100, n_jobs=-1, num_leaves=31, objective=None,
               random_state=7717, reg_alpha=0.0, reg_lambda=0.0, silent='warn',
               subsample=1.0, subsample_for_bin=200000, subsample_freq=0)
2022-05-29 12:35:35,228:INFO:create_model() succesfully completed......................................
2022-05-29 12:35:35,401:INFO:SubProcess create_model() end ==================================
2022-05-29 12:35:35,402:INFO:Creating metrics dataframe
2022-05-29 12:35:35,446:INFO:Initializing Dummy Classifier
2022-05-29 12:35:35,447:INFO:Total runtime is 0.5930439194043478 minutes
2022-05-29 12:35:35,462:INFO:SubProcess create_model() called ==================================
2022-05-29 12:35:35,463:INFO:Initializing create_model()
2022-05-29 12:35:35,463:INFO:create_model(estimator=dummy, fold=StratifiedKFold(n_splits=10, random_state=None, shuffle=False), round=4, cross_validation=True, predict=True, fit_kwargs={}, groups=None, refit=False, verbose=False, system=False, metrics=None, experiment_custom_tags=None, add_to_model_list=True, probability_threshold=None, display=<pycaret.internal.Display.Display object at 0x000001594B3036A0>, return_train_score=False, kwargs={})
2022-05-29 12:35:35,464:INFO:Checking exceptions
2022-05-29 12:35:35,464:INFO:Importing libraries
2022-05-29 12:35:35,464:INFO:Copying training dataset
2022-05-29 12:35:35,466:INFO:Defining folds
2022-05-29 12:35:35,466:INFO:Declaring metric variables
2022-05-29 12:35:35,483:INFO:Importing untrained model
2022-05-29 12:35:35,503:INFO:Dummy Classifier Imported succesfully
2022-05-29 12:35:35,540:INFO:Starting cross validation
2022-05-29 12:35:35,541:INFO:Cross validating with StratifiedKFold(n_splits=10, random_state=None, shuffle=False), n_jobs=-1
2022-05-29 12:35:35,663:INFO:Calculating mean and std
2022-05-29 12:35:35,666:INFO:Creating metrics dataframe
2022-05-29 12:35:35,702:INFO:Uploading results into container
2022-05-29 12:35:35,703:INFO:Uploading model into container now
2022-05-29 12:35:35,703:INFO:create_model_container: 14
2022-05-29 12:35:35,703:INFO:master_model_container: 14
2022-05-29 12:35:35,703:INFO:display_container: 2
2022-05-29 12:35:35,704:INFO:DummyClassifier(constant=None, random_state=7717, strategy='prior')
2022-05-29 12:35:35,704:INFO:create_model() succesfully completed......................................
2022-05-29 12:35:35,887:INFO:SubProcess create_model() end ==================================
2022-05-29 12:35:35,887:INFO:Creating metrics dataframe
2022-05-29 12:35:35,969:INFO:Initializing create_model()
2022-05-29 12:35:35,969:INFO:create_model(estimator=RandomForestClassifier(bootstrap=True, ccp_alpha=0.0, class_weight=None,
                       criterion='gini', max_depth=None, max_features='auto',
                       max_leaf_nodes=None, max_samples=None,
                       min_impurity_decrease=0.0, min_impurity_split=None,
                       min_samples_leaf=1, min_samples_split=2,
                       min_weight_fraction_leaf=0.0, n_estimators=100,
                       n_jobs=-1, oob_score=False, random_state=7717, verbose=0,
                       warm_start=False), fold=StratifiedKFold(n_splits=10, random_state=None, shuffle=False), round=4, cross_validation=False, predict=False, fit_kwargs={}, groups=None, refit=True, verbose=False, system=False, metrics=None, experiment_custom_tags=None, add_to_model_list=True, probability_threshold=None, display=None, return_train_score=False, kwargs={})
2022-05-29 12:35:35,970:INFO:Checking exceptions
2022-05-29 12:35:35,970:INFO:Importing libraries
2022-05-29 12:35:35,971:INFO:Copying training dataset
2022-05-29 12:35:35,972:INFO:Defining folds
2022-05-29 12:35:35,972:INFO:Declaring metric variables
2022-05-29 12:35:35,972:INFO:Importing untrained model
2022-05-29 12:35:35,973:INFO:Declaring custom model
2022-05-29 12:35:35,975:INFO:Random Forest Classifier Imported succesfully
2022-05-29 12:35:35,975:INFO:Cross validation set to False
2022-05-29 12:35:35,975:INFO:Fitting Model
2022-05-29 12:35:36,388:INFO:RandomForestClassifier(bootstrap=True, ccp_alpha=0.0, class_weight=None,
                       criterion='gini', max_depth=None, max_features='auto',
                       max_leaf_nodes=None, max_samples=None,
                       min_impurity_decrease=0.0, min_impurity_split=None,
                       min_samples_leaf=1, min_samples_split=2,
                       min_weight_fraction_leaf=0.0, n_estimators=100,
                       n_jobs=-1, oob_score=False, random_state=7717, verbose=0,
                       warm_start=False)
2022-05-29 12:35:36,388:INFO:create_models() succesfully completed......................................
2022-05-29 12:35:36,606:INFO:create_model_container: 14
2022-05-29 12:35:36,606:INFO:master_model_container: 14
2022-05-29 12:35:36,606:INFO:display_container: 2
2022-05-29 12:35:36,608:INFO:RandomForestClassifier(bootstrap=True, ccp_alpha=0.0, class_weight=None,
                       criterion='gini', max_depth=None, max_features='auto',
                       max_leaf_nodes=None, max_samples=None,
                       min_impurity_decrease=0.0, min_impurity_split=None,
                       min_samples_leaf=1, min_samples_split=2,
                       min_weight_fraction_leaf=0.0, n_estimators=100,
                       n_jobs=-1, oob_score=False, random_state=7717, verbose=0,
                       warm_start=False)
2022-05-29 12:35:36,609:INFO:compare_models() succesfully completed......................................
